[10-Nov-2025 22:03:48 Asia/Manila] Database error: You have an error in your SQL syntax; check the manual that corresponds to your MySQL server version for the right syntax to use near 'current_time' at line 1
[10-Nov-2025 22:08:36 Asia/Manila] Database error: You have an error in your SQL syntax; check the manual that corresponds to your MySQL server version for the right syntax to use near 'current_time' at line 1
[10-Nov-2025 22:13:10 Asia/Manila] Database error: You have an error in your SQL syntax; check the manual that corresponds to your MySQL server version for the right syntax to use near 'current_time' at line 1
[10-Nov-2025 22:13:14 Asia/Manila] Database error: You have an error in your SQL syntax; check the manual that corresponds to your MySQL server version for the right syntax to use near 'current_time' at line 1
[10-Nov-2025 22:13:46 Asia/Manila] Database error: You have an error in your SQL syntax; check the manual that corresponds to your MySQL server version for the right syntax to use near 'current_time' at line 1
[15-Nov-2025 02:01:13 Asia/Manila] Binding params with types: ssssss | Params: ["Test Branch 1763143273","Test Address","Test City","555-1234","test@example.com",null]
[15-Nov-2025 02:02:48 Asia/Manila] === DEBUG BRANCH ADD START ===
[15-Nov-2025 02:02:48 Asia/Manila] Connection status: Connected
[15-Nov-2025 02:02:48 Asia/Manila] execute_query exists: Yes
[15-Nov-2025 02:02:48 Asia/Manila] get_single_result exists: Yes
[15-Nov-2025 02:02:48 Asia/Manila] Error log path: C:\wamp64\www\BookIT/logs/php_errors.log
[15-Nov-2025 02:02:48 Asia/Manila] Binding params with types: ssssss | Params: ["Debug Test 2025-11-15 02:02:48","Test Address","Test City","555-1234","test@example.com",null]
[15-Nov-2025 02:02:48 Asia/Manila] addBranch result: Branch added successfully!
[15-Nov-2025 02:02:48 Asia/Manila] Branch count after add: 1
[15-Nov-2025 02:02:48 Asia/Manila] === DEBUG BRANCH ADD END ===
[15-Nov-2025 11:46:34 Asia/Manila] PHP Fatal error:  Cannot redeclare execute_query() (previously declared in C:\wamp64\www\BookIT\config\db.php:139) in C:\wamp64\www\BookIT\includes\functions.php on line 969
[15-Nov-2025 11:46:34 Asia/Manila] PHP Stack trace:
[15-Nov-2025 11:46:34 Asia/Manila] PHP   1. {main}() C:\wamp64\www\BookIT\public\login.php:0
[15-Nov-2025 14:31:04 Asia/Manila] PHP Fatal error:  Cannot redeclare isLoggedIn() (previously declared in C:\wamp64\www\BookIT\includes\auth.php:59) in C:\wamp64\www\BookIT\includes\functions.php on line 586
[15-Nov-2025 14:31:04 Asia/Manila] PHP Stack trace:
[15-Nov-2025 14:31:04 Asia/Manila] PHP   1. {main}() C:\wamp64\www\BookIT\public\register.php:0
[15-Nov-2025 14:31:48 Asia/Manila] PHP Fatal error:  Cannot redeclare isLoggedIn() (previously declared in C:\wamp64\www\BookIT\includes\auth.php:59) in C:\wamp64\www\BookIT\includes\functions.php on line 586
[15-Nov-2025 14:31:48 Asia/Manila] PHP Stack trace:
[15-Nov-2025 14:31:48 Asia/Manila] PHP   1. {main}() C:\wamp64\www\BookIT\public\register.php:0
[15-Nov-2025 14:32:26 Asia/Manila] PHP Fatal error:  Cannot redeclare isLoggedIn() (previously declared in C:\wamp64\www\BookIT\includes\auth.php:59) in C:\wamp64\www\BookIT\includes\functions.php on line 586
[15-Nov-2025 14:32:26 Asia/Manila] PHP Stack trace:
[15-Nov-2025 14:32:26 Asia/Manila] PHP   1. {main}() C:\wamp64\www\BookIT\public\register.php:0
[15-Nov-2025 14:32:39 Asia/Manila] PHP Fatal error:  Cannot redeclare isLoggedIn() (previously declared in C:\wamp64\www\BookIT\includes\auth.php:59) in C:\wamp64\www\BookIT\includes\functions.php on line 586
[15-Nov-2025 14:32:39 Asia/Manila] PHP Stack trace:
[15-Nov-2025 14:32:39 Asia/Manila] PHP   1. {main}() C:\wamp64\www\BookIT\public\register.php:0
[15-Nov-2025 14:36:47 Asia/Manila] PHP Fatal error:  Cannot redeclare isLoggedIn() (previously declared in C:\wamp64\www\BookIT\includes\auth.php:59) in C:\wamp64\www\BookIT\includes\functions.php on line 586
[15-Nov-2025 14:36:47 Asia/Manila] PHP Stack trace:
[15-Nov-2025 14:36:47 Asia/Manila] PHP   1. {main}() C:\wamp64\www\BookIT\public\register.php:0
[15-Nov-2025 14:39:46 Asia/Manila] PHP Fatal error:  Cannot redeclare isLoggedIn() (previously declared in C:\wamp64\www\BookIT\includes\auth.php:59) in C:\wamp64\www\BookIT\includes\functions.php on line 586
[15-Nov-2025 14:39:46 Asia/Manila] PHP Stack trace:
[15-Nov-2025 14:39:46 Asia/Manila] PHP   1. {main}() C:\wamp64\www\BookIT\public\register.php:0
[15-Nov-2025 15:47:35 Asia/Manila] === addBranch() called ===
[15-Nov-2025 15:47:35 Asia/Manila]   branch_name: caloocan city
[15-Nov-2025 15:47:35 Asia/Manila]   address: caloocan city
[15-Nov-2025 15:47:35 Asia/Manila]   city: caloocan city
[15-Nov-2025 15:47:35 Asia/Manila]   contact_number: 
[15-Nov-2025 15:47:35 Asia/Manila]   email: paullexxusantonio@gmail.com
[15-Nov-2025 15:47:35 Asia/Manila]   host_id: NULL
[15-Nov-2025 15:47:35 Asia/Manila]   SQL: INSERT INTO branches (branch_name, address, city, contact_number, email, host_id, is_active) 
                VALUES (?, ?, ?, ?, ?, ?, 1)
[15-Nov-2025 15:47:35 Asia/Manila]   Params count: 6
[15-Nov-2025 15:47:35 Asia/Manila]   Params: ["caloocan city","caloocan city","caloocan city","","paullexxusantonio@gmail.com",null]
[15-Nov-2025 15:47:35 Asia/Manila]   execute_query() returned: TRUE
[15-Nov-2025 15:47:35 Asia/Manila]   SUCCESS: Branch added!
[15-Nov-2025 15:47:57 Asia/Manila] PHP Fatal error:  Uncaught Error: mysqli object is already closed in C:\wamp64\www\BookIT\config\db.php:209
Stack trace:
#0 C:\wamp64\www\BookIT\config\db.php(209): mysqli->close()
#1 [internal function]: close_connection()
#2 {main}
  thrown in C:\wamp64\www\BookIT\config\db.php on line 209
[15-Nov-2025 15:47:59 Asia/Manila] PHP Fatal error:  Uncaught Error: mysqli object is already closed in C:\wamp64\www\BookIT\config\db.php:209
Stack trace:
#0 C:\wamp64\www\BookIT\config\db.php(209): mysqli->close()
#1 [internal function]: close_connection()
#2 {main}
  thrown in C:\wamp64\www\BookIT\config\db.php on line 209
[15-Nov-2025 15:48:11 Asia/Manila] PHP Fatal error:  Cannot redeclare isLoggedIn() (previously declared in C:\wamp64\www\BookIT\includes\auth.php:59) in C:\wamp64\www\BookIT\includes\functions.php on line 586
[15-Nov-2025 15:48:11 Asia/Manila] PHP Stack trace:
[15-Nov-2025 15:48:11 Asia/Manila] PHP   1. {main}() C:\wamp64\www\BookIT\public\register.php:0
[15-Nov-2025 15:53:50 Asia/Manila] PHP Fatal error:  Uncaught Error: Call to undefined function isLoggedIn() in C:\wamp64\www\BookIT\public\index.php:59
Stack trace:
#0 {main}
  thrown in C:\wamp64\www\BookIT\public\index.php on line 59
[15-Nov-2025 15:54:48 Asia/Manila] PHP Notice:  session_start(): Ignoring session_start() because a session is already active (started from C:\wamp64\www\BookIT\includes\public_session.php on line 5) in C:\wamp64\www\BookIT\includes\auth.php on line 4
[15-Nov-2025 15:54:48 Asia/Manila] PHP Stack trace:
[15-Nov-2025 15:54:48 Asia/Manila] PHP   1. {main}() C:\wamp64\www\BookIT\public\index.php:0
[15-Nov-2025 15:54:48 Asia/Manila] PHP   2. include() C:\wamp64\www\BookIT\public\index.php:6
[15-Nov-2025 15:54:48 Asia/Manila] PHP   3. session_start() C:\wamp64\www\BookIT\includes\auth.php:4
[15-Nov-2025 16:05:31 Asia/Manila] PHP Warning:  include_once(../config/db.php): Failed to open stream: No such file or directory in C:\wamp64\www\BookIT\includes\functions.php on line 5
[15-Nov-2025 16:05:31 Asia/Manila] PHP Stack trace:
[15-Nov-2025 16:05:31 Asia/Manila] PHP   1. {main}() C:\wamp64\www\BookIT\verify_data.php:0
[15-Nov-2025 16:05:31 Asia/Manila] PHP   2. include() C:\wamp64\www\BookIT\verify_data.php:9
[15-Nov-2025 16:05:31 Asia/Manila] PHP Warning:  include_once(): Failed opening '../config/db.php' for inclusion (include_path='.;C:\php\pear') in C:\wamp64\www\BookIT\includes\functions.php on line 5
[15-Nov-2025 16:05:31 Asia/Manila] PHP Stack trace:
[15-Nov-2025 16:05:31 Asia/Manila] PHP   1. {main}() C:\wamp64\www\BookIT\verify_data.php:0
[15-Nov-2025 16:05:31 Asia/Manila] PHP   2. include() C:\wamp64\www\BookIT\verify_data.php:9
[15-Nov-2025 16:05:31 Asia/Manila] PHP Deprecated:  number_format(): Passing null to parameter #1 ($num) of type float is deprecated in C:\wamp64\www\BookIT\verify_data.php on line 197
[15-Nov-2025 16:05:31 Asia/Manila] PHP Stack trace:
[15-Nov-2025 16:05:31 Asia/Manila] PHP   1. {main}() C:\wamp64\www\BookIT\verify_data.php:0
[15-Nov-2025 16:05:32 Asia/Manila] PHP   2. number_format($num = NULL, $decimals = 0) C:\wamp64\www\BookIT\verify_data.php:197
[15-Nov-2025 16:05:32 Asia/Manila] PHP Deprecated:  number_format(): Passing null to parameter #1 ($num) of type float is deprecated in C:\wamp64\www\BookIT\verify_data.php on line 198
[15-Nov-2025 16:05:32 Asia/Manila] PHP Stack trace:
[15-Nov-2025 16:05:32 Asia/Manila] PHP   1. {main}() C:\wamp64\www\BookIT\verify_data.php:0
[15-Nov-2025 16:05:32 Asia/Manila] PHP   2. number_format($num = NULL, $decimals = 0) C:\wamp64\www\BookIT\verify_data.php:198
[15-Nov-2025 16:05:32 Asia/Manila] PHP Deprecated:  number_format(): Passing null to parameter #1 ($num) of type float is deprecated in C:\wamp64\www\BookIT\verify_data.php on line 236
[15-Nov-2025 16:05:32 Asia/Manila] PHP Stack trace:
[15-Nov-2025 16:05:32 Asia/Manila] PHP   1. {main}() C:\wamp64\www\BookIT\verify_data.php:0
[15-Nov-2025 16:05:32 Asia/Manila] PHP   2. number_format($num = NULL, $decimals = 0) C:\wamp64\www\BookIT\verify_data.php:236
[15-Nov-2025 16:05:32 Asia/Manila] PHP Fatal error:  Uncaught Error: mysqli object is already closed in C:\wamp64\www\BookIT\config\db.php:209
Stack trace:
#0 C:\wamp64\www\BookIT\config\db.php(209): mysqli->close()
#1 [internal function]: close_connection()
#2 {main}
  thrown in C:\wamp64\www\BookIT\config\db.php on line 209
[15-Nov-2025 16:07:18 Asia/Manila] PHP Fatal error:  Uncaught mysqli_sql_exception: Table 'condo_rental_reservation_db.user_bank_accounts' doesn't exist in C:\wamp64\www\BookIT\host\profile.php:19
Stack trace:
#0 C:\wamp64\www\BookIT\host\profile.php(19): mysqli->query('SELECT * FROM u...')
#1 {main}
  thrown in C:\wamp64\www\BookIT\host\profile.php on line 19
[15-Nov-2025 16:07:43 Asia/Manila] PHP Fatal error:  Uncaught mysqli_sql_exception: Table 'condo_rental_reservation_db.user_bank_accounts' doesn't exist in C:\wamp64\www\BookIT\host\profile.php:19
Stack trace:
#0 C:\wamp64\www\BookIT\host\profile.php(19): mysqli->query('SELECT * FROM u...')
#1 {main}
  thrown in C:\wamp64\www\BookIT\host\profile.php on line 19
[15-Nov-2025 17:14:54 Asia/Manila] PHP Fatal error:  Uncaught Error: Call to undefined function isLoggedIn() in C:\wamp64\www\BookIT\renter\profile.php:6
Stack trace:
#0 {main}
  thrown in C:\wamp64\www\BookIT\renter\profile.php on line 6
[15-Nov-2025 18:02:13 Asia/Manila] PHP Fatal error:  Uncaught mysqli_sql_exception: Unknown column 'capacity' in 'field list' in C:\wamp64\www\BookIT\host\unit_management.php:40
Stack trace:
#0 C:\wamp64\www\BookIT\host\unit_management.php(40): mysqli->query('\r\n             ...')
#1 {main}
  thrown in C:\wamp64\www\BookIT\host\unit_management.php on line 40
[15-Nov-2025 18:03:29 Asia/Manila] PHP Fatal error:  Uncaught mysqli_sql_exception: Unknown column 'capacity' in 'field list' in C:\wamp64\www\BookIT\host\unit_management.php:40
Stack trace:
#0 C:\wamp64\www\BookIT\host\unit_management.php(40): mysqli->query('\r\n             ...')
#1 {main}
  thrown in C:\wamp64\www\BookIT\host\unit_management.php on line 40
[15-Nov-2025 18:03:33 Asia/Manila] PHP Fatal error:  Uncaught mysqli_sql_exception: Unknown column 'capacity' in 'field list' in C:\wamp64\www\BookIT\host\unit_management.php:40
Stack trace:
#0 C:\wamp64\www\BookIT\host\unit_management.php(40): mysqli->query('\r\n             ...')
#1 {main}
  thrown in C:\wamp64\www\BookIT\host\unit_management.php on line 40
[15-Nov-2025 18:57:07 Asia/Manila] PHP Warning:  Undefined array key "capacity" in C:\wamp64\www\BookIT\host\unit_management.php on line 270
[15-Nov-2025 18:57:07 Asia/Manila] PHP Stack trace:
[15-Nov-2025 18:57:07 Asia/Manila] PHP   1. {main}() C:\wamp64\www\BookIT\host\unit_management.php:0
[15-Nov-2025 18:58:11 Asia/Manila] PHP Fatal error:  Uncaught mysqli_sql_exception: Table 'condo_rental_reservation_db.unit_amenities' doesn't exist in C:\wamp64\www\BookIT\host\get_unit_data.php:33
Stack trace:
#0 C:\wamp64\www\BookIT\host\get_unit_data.php(33): mysqli->query('SELECT amenity_...')
#1 {main}
  thrown in C:\wamp64\www\BookIT\host\get_unit_data.php on line 33
[15-Nov-2025 19:01:37 Asia/Manila] PHP Fatal error:  Uncaught mysqli_sql_exception: Table 'condo_rental_reservation_db.unit_amenities' doesn't exist in C:\wamp64\www\BookIT\host\get_unit_data.php:33
Stack trace:
#0 C:\wamp64\www\BookIT\host\get_unit_data.php(33): mysqli->query('SELECT amenity_...')
#1 {main}
  thrown in C:\wamp64\www\BookIT\host\get_unit_data.php on line 33
[15-Nov-2025 19:02:05 Asia/Manila] PHP Fatal error:  Uncaught mysqli_sql_exception: Table 'condo_rental_reservation_db.unit_amenities' doesn't exist in C:\wamp64\www\BookIT\host\get_unit_data.php:33
Stack trace:
#0 C:\wamp64\www\BookIT\host\get_unit_data.php(33): mysqli->query('SELECT amenity_...')
#1 {main}
  thrown in C:\wamp64\www\BookIT\host\get_unit_data.php on line 33
[15-Nov-2025 19:08:01 Asia/Manila] PHP Fatal error:  Uncaught mysqli_sql_exception: Table 'condo_rental_reservation_db.unit_amenities' doesn't exist in C:\wamp64\www\BookIT\host\unit_management.php:114
Stack trace:
#0 C:\wamp64\www\BookIT\host\unit_management.php(114): mysqli->query('DELETE FROM uni...')
#1 {main}
  thrown in C:\wamp64\www\BookIT\host\unit_management.php on line 114
[15-Nov-2025 19:24:06 Asia/Manila] === addBranch() called ===
[15-Nov-2025 19:24:06 Asia/Manila]   branch_name: Celadon Park Condominium
[15-Nov-2025 19:24:06 Asia/Manila]   address: 8009, 1014 Felix Huertas Rd, Santa Cruz, Manila, Metro Manila
[15-Nov-2025 19:24:06 Asia/Manila]   city: Metro Manila
[15-Nov-2025 19:24:06 Asia/Manila]   contact_number: (02) 8848 5100
[15-Nov-2025 19:24:06 Asia/Manila]   email: 
[15-Nov-2025 19:24:06 Asia/Manila]   host_id: 3
[15-Nov-2025 19:24:06 Asia/Manila]   SQL: INSERT INTO branches (branch_name, address, city, contact_number, email, host_id, is_active) 
                VALUES (?, ?, ?, ?, ?, ?, 1)
[15-Nov-2025 19:24:06 Asia/Manila]   Params count: 6
[15-Nov-2025 19:24:06 Asia/Manila]   Params: ["Celadon Park Condominium","8009, 1014 Felix Huertas Rd, Santa Cruz, Manila, Metro Manila","Metro Manila","(02) 8848 5100","","3"]
[15-Nov-2025 19:24:06 Asia/Manila]   execute_query() returned: TRUE
[15-Nov-2025 19:24:06 Asia/Manila]   SUCCESS: Branch added!
[15-Nov-2025 19:30:12 Asia/Manila] === addBranch() called ===
[15-Nov-2025 19:30:12 Asia/Manila]   branch_name: Robinsons Place Residences
[15-Nov-2025 19:30:12 Asia/Manila]   address: Padre Faura St, Ermita, Manila, 1000 Metro Manila
[15-Nov-2025 19:30:12 Asia/Manila]   city: Metro Manila
[15-Nov-2025 19:30:12 Asia/Manila]   contact_number: 0925 777 7777
[15-Nov-2025 19:30:12 Asia/Manila]   email: 
[15-Nov-2025 19:30:12 Asia/Manila]   host_id: 4
[15-Nov-2025 19:30:12 Asia/Manila]   SQL: INSERT INTO branches (branch_name, address, city, contact_number, email, host_id, is_active) 
                VALUES (?, ?, ?, ?, ?, ?, 1)
[15-Nov-2025 19:30:12 Asia/Manila]   Params count: 6
[15-Nov-2025 19:30:12 Asia/Manila]   Params: ["Robinsons Place Residences","Padre Faura St, Ermita, Manila, 1000 Metro Manila","Metro Manila","0925 777 7777","","4"]
[15-Nov-2025 19:30:12 Asia/Manila]   execute_query() returned: TRUE
[15-Nov-2025 19:30:12 Asia/Manila]   SUCCESS: Branch added!
[15-Nov-2025 19:38:07 Asia/Manila] PHP Fatal error:  Uncaught ArgumentCountError: The number of variables must match the number of parameters in the prepared statement in C:\wamp64\www\BookIT\config\db.php:53
Stack trace:
#0 C:\wamp64\www\BookIT\config\db.php(53): mysqli_stmt->bind_param('isssss', 4, '2025-11-17', '2025-11-16', '2025-11-16', '2025-11-17', '2025-11-16')
#1 C:\wamp64\www\BookIT\includes\functions.php(321): get_single_result('SELECT reservat...', Array)
#2 C:\wamp64\www\BookIT\renter\reserve_unit.php(99): createReservation(10, 4, 3, '2025-11-16', '2025-11-17', 16000.0, 5500.0, '')
#3 {main}
  thrown in C:\wamp64\www\BookIT\config\db.php on line 53
[15-Nov-2025 21:15:18 Asia/Manila] PHP Fatal error:  Uncaught Error: Call to undefined function isLoggedIn() in C:\wamp64\www\BookIT\public\browse_units.php:123
Stack trace:
#0 {main}
  thrown in C:\wamp64\www\BookIT\public\browse_units.php on line 123
[15-Nov-2025 21:15:27 Asia/Manila] PHP Fatal error:  Uncaught Error: Call to undefined function isLoggedIn() in C:\wamp64\www\BookIT\public\browse_units.php:123
Stack trace:
#0 {main}
  thrown in C:\wamp64\www\BookIT\public\browse_units.php on line 123
[15-Nov-2025 21:15:44 Asia/Manila] PHP Fatal error:  Uncaught Error: Call to undefined function isLoggedIn() in C:\wamp64\www\BookIT\public\browse_units.php:123
Stack trace:
#0 {main}
  thrown in C:\wamp64\www\BookIT\public\browse_units.php on line 123
[15-Nov-2025 21:18:29 Asia/Manila] PHP Warning:  Undefined array key "user_name" in C:\wamp64\www\BookIT\modules\reservations.php on line 260
[15-Nov-2025 21:18:29 Asia/Manila] PHP Stack trace:
[15-Nov-2025 21:18:29 Asia/Manila] PHP   1. {main}() C:\wamp64\www\BookIT\modules\reservations.php:0
[17-Nov-2025 11:55:40 Asia/Manila] PHP Fatal error:  Uncaught Error: Call to undefined function isLoggedIn() in C:\wamp64\www\BookIT\renter\profile.php:6
Stack trace:
#0 {main}
  thrown in C:\wamp64\www\BookIT\renter\profile.php on line 6
[17-Nov-2025 11:58:23 Asia/Manila] PHP Fatal error:  Uncaught Error: Call to undefined function isLoggedIn() in C:\wamp64\www\BookIT\public\browse_units.php:123
Stack trace:
#0 {main}
  thrown in C:\wamp64\www\BookIT\public\browse_units.php on line 123
[17-Nov-2025 17:04:35 Asia/Manila] PHP Fatal error:  Uncaught Error: Call to undefined function isLoggedIn() in C:\wamp64\www\BookIT\public\be_host.php:40
Stack trace:
#0 {main}
  thrown in C:\wamp64\www\BookIT\public\be_host.php on line 40
[17-Nov-2025 17:33:17 Asia/Manila] PHP Warning:  Undefined array key "description" in C:\wamp64\www\BookIT\host\unit_management.php on line 23
[17-Nov-2025 17:33:17 Asia/Manila] PHP Stack trace:
[17-Nov-2025 17:33:17 Asia/Manila] PHP   1. {main}() C:\wamp64\www\BookIT\host\unit_management.php:0
[17-Nov-2025 17:33:17 Asia/Manila] PHP Deprecated:  trim(): Passing null to parameter #1 ($string) of type string is deprecated in C:\wamp64\www\BookIT\includes\functions.php on line 733
[17-Nov-2025 17:33:17 Asia/Manila] PHP Stack trace:
[17-Nov-2025 17:33:17 Asia/Manila] PHP   1. {main}() C:\wamp64\www\BookIT\host\unit_management.php:0
[17-Nov-2025 17:33:17 Asia/Manila] PHP   2. sanitize_input($data = NULL) C:\wamp64\www\BookIT\host\unit_management.php:23
[17-Nov-2025 17:33:17 Asia/Manila] PHP   3. trim($string = NULL) C:\wamp64\www\BookIT\includes\functions.php:733
[17-Nov-2025 17:33:17 Asia/Manila] PHP Fatal error:  Uncaught mysqli_sql_exception: Unknown column 'u.building_name' in 'field list' in C:\wamp64\www\BookIT\includes\AddressVerification.php:90
Stack trace:
#0 C:\wamp64\www\BookIT\includes\AddressVerification.php(90): mysqli->prepare('SELECT u.unit_i...')
#1 C:\wamp64\www\BookIT\includes\DuplicateDetectionEngine.php(172): AddressVerification->checkAddressExists('unit101', 'caloocan city', 'afa', 'caloocan city', NULL)
#2 C:\wamp64\www\BookIT\includes\DuplicateDetectionEngine.php(49): DuplicateDetectionEngine->checkAddressVerification(NULL, 'unit101', 'caloocan city', 'afa', 'caloocan city')
#3 C:\wamp64\www\BookIT\host\unit_management.php(53): DuplicateDetectionEngine->analyzeUnitForDuplicates(NULL, Array)
#4 {main}
  thrown in C:\wamp64\www\BookIT\includes\AddressVerification.php on line 90
[17-Nov-2025 17:35:35 Asia/Manila] PHP Warning:  Undefined array key "description" in C:\wamp64\www\BookIT\host\unit_management.php on line 23
[17-Nov-2025 17:35:35 Asia/Manila] PHP Stack trace:
[17-Nov-2025 17:35:35 Asia/Manila] PHP   1. {main}() C:\wamp64\www\BookIT\host\unit_management.php:0
[17-Nov-2025 17:35:35 Asia/Manila] PHP Deprecated:  trim(): Passing null to parameter #1 ($string) of type string is deprecated in C:\wamp64\www\BookIT\includes\functions.php on line 733
[17-Nov-2025 17:35:35 Asia/Manila] PHP Stack trace:
[17-Nov-2025 17:35:36 Asia/Manila] PHP   1. {main}() C:\wamp64\www\BookIT\host\unit_management.php:0
[17-Nov-2025 17:35:36 Asia/Manila] PHP   2. sanitize_input($data = NULL) C:\wamp64\www\BookIT\host\unit_management.php:23
[17-Nov-2025 17:35:36 Asia/Manila] PHP   3. trim($string = NULL) C:\wamp64\www\BookIT\includes\functions.php:733
[17-Nov-2025 17:35:36 Asia/Manila] PHP Fatal error:  Uncaught mysqli_sql_exception: Unknown column 'u.building_name' in 'field list' in C:\wamp64\www\BookIT\includes\AddressVerification.php:90
Stack trace:
#0 C:\wamp64\www\BookIT\includes\AddressVerification.php(90): mysqli->prepare('SELECT u.unit_i...')
#1 C:\wamp64\www\BookIT\includes\DuplicateDetectionEngine.php(172): AddressVerification->checkAddressExists('unit101', 'caloocan city', 'afa', 'caloocan city', NULL)
#2 C:\wamp64\www\BookIT\includes\DuplicateDetectionEngine.php(49): DuplicateDetectionEngine->checkAddressVerification(NULL, 'unit101', 'caloocan city', 'afa', 'caloocan city')
#3 C:\wamp64\www\BookIT\host\unit_management.php(53): DuplicateDetectionEngine->analyzeUnitForDuplicates(NULL, Array)
#4 {main}
  thrown in C:\wamp64\www\BookIT\includes\AddressVerification.php on line 90
[17-Nov-2025 17:37:13 Asia/Manila] PHP Warning:  Undefined array key "description" in C:\wamp64\www\BookIT\host\unit_management.php on line 23
[17-Nov-2025 17:37:13 Asia/Manila] PHP Stack trace:
[17-Nov-2025 17:37:13 Asia/Manila] PHP   1. {main}() C:\wamp64\www\BookIT\host\unit_management.php:0
[17-Nov-2025 17:37:13 Asia/Manila] PHP Deprecated:  trim(): Passing null to parameter #1 ($string) of type string is deprecated in C:\wamp64\www\BookIT\includes\functions.php on line 733
[17-Nov-2025 17:37:13 Asia/Manila] PHP Stack trace:
[17-Nov-2025 17:37:13 Asia/Manila] PHP   1. {main}() C:\wamp64\www\BookIT\host\unit_management.php:0
[17-Nov-2025 17:37:13 Asia/Manila] PHP   2. sanitize_input($data = NULL) C:\wamp64\www\BookIT\host\unit_management.php:23
[17-Nov-2025 17:37:13 Asia/Manila] PHP   3. trim($string = NULL) C:\wamp64\www\BookIT\includes\functions.php:733
[17-Nov-2025 17:37:13 Asia/Manila] PHP Fatal error:  Uncaught mysqli_sql_exception: Unknown column 'u.building_name' in 'field list' in C:\wamp64\www\BookIT\includes\AddressVerification.php:90
Stack trace:
#0 C:\wamp64\www\BookIT\includes\AddressVerification.php(90): mysqli->prepare('SELECT u.unit_i...')
#1 C:\wamp64\www\BookIT\includes\DuplicateDetectionEngine.php(172): AddressVerification->checkAddressExists('unit101', 'caloocan city', 'afa', 'caloocan city', NULL)
#2 C:\wamp64\www\BookIT\includes\DuplicateDetectionEngine.php(49): DuplicateDetectionEngine->checkAddressVerification(NULL, 'unit101', 'caloocan city', 'afa', 'caloocan city')
#3 C:\wamp64\www\BookIT\host\unit_management.php(53): DuplicateDetectionEngine->analyzeUnitForDuplicates(NULL, Array)
#4 {main}
  thrown in C:\wamp64\www\BookIT\includes\AddressVerification.php on line 90
[17-Nov-2025 17:40:15 Asia/Manila] PHP Warning:  Undefined array key "description" in C:\wamp64\www\BookIT\host\unit_management.php on line 23
[17-Nov-2025 17:40:15 Asia/Manila] PHP Stack trace:
[17-Nov-2025 17:40:15 Asia/Manila] PHP   1. {main}() C:\wamp64\www\BookIT\host\unit_management.php:0
[17-Nov-2025 17:40:15 Asia/Manila] PHP Deprecated:  trim(): Passing null to parameter #1 ($string) of type string is deprecated in C:\wamp64\www\BookIT\includes\functions.php on line 733
[17-Nov-2025 17:40:15 Asia/Manila] PHP Stack trace:
[17-Nov-2025 17:40:15 Asia/Manila] PHP   1. {main}() C:\wamp64\www\BookIT\host\unit_management.php:0
[17-Nov-2025 17:40:15 Asia/Manila] PHP   2. sanitize_input($data = NULL) C:\wamp64\www\BookIT\host\unit_management.php:23
[17-Nov-2025 17:40:15 Asia/Manila] PHP   3. trim($string = NULL) C:\wamp64\www\BookIT\includes\functions.php:733
[17-Nov-2025 17:40:15 Asia/Manila] PHP Fatal error:  Uncaught mysqli_sql_exception: Unknown column 'u.building_name' in 'field list' in C:\wamp64\www\BookIT\includes\AddressVerification.php:90
Stack trace:
#0 C:\wamp64\www\BookIT\includes\AddressVerification.php(90): mysqli->prepare('SELECT u.unit_i...')
#1 C:\wamp64\www\BookIT\includes\DuplicateDetectionEngine.php(172): AddressVerification->checkAddressExists('unit101', 'caloocan city', 'afa', 'caloocan city', NULL)
#2 C:\wamp64\www\BookIT\includes\DuplicateDetectionEngine.php(49): DuplicateDetectionEngine->checkAddressVerification(NULL, 'unit101', 'caloocan city', 'afa', 'caloocan city')
#3 C:\wamp64\www\BookIT\host\unit_management.php(53): DuplicateDetectionEngine->analyzeUnitForDuplicates(NULL, Array)
#4 {main}
  thrown in C:\wamp64\www\BookIT\includes\AddressVerification.php on line 90
[17-Nov-2025 17:41:14 Asia/Manila] PHP Fatal error:  Uncaught mysqli_sql_exception: Specified key was too long; max key length is 1000 bytes in C:\wamp64\www\BookIT\migrations\add_duplicate_detection_tables.php:246
Stack trace:
#0 C:\wamp64\www\BookIT\migrations\add_duplicate_detection_tables.php(246): mysqli->query('CREATE TABLE IF...')
#1 {main}
  thrown in C:\wamp64\www\BookIT\migrations\add_duplicate_detection_tables.php on line 246
[17-Nov-2025 17:41:46 Asia/Manila] PHP Fatal error:  Uncaught mysqli_sql_exception: Specified key was too long; max key length is 1000 bytes in C:\wamp64\www\BookIT\migrations\add_duplicate_detection_tables.php:246
Stack trace:
#0 C:\wamp64\www\BookIT\migrations\add_duplicate_detection_tables.php(246): mysqli->query('CREATE TABLE IF...')
#1 {main}
  thrown in C:\wamp64\www\BookIT\migrations\add_duplicate_detection_tables.php on line 246
[17-Nov-2025 17:42:27 Asia/Manila] PHP Fatal error:  Uncaught mysqli_sql_exception: Too many key parts specified; max 1 parts allowed in C:\wamp64\www\BookIT\migrations\add_duplicate_detection_tables.php:247
Stack trace:
#0 C:\wamp64\www\BookIT\migrations\add_duplicate_detection_tables.php(247): mysqli->query('CREATE TABLE IF...')
#1 {main}
  thrown in C:\wamp64\www\BookIT\migrations\add_duplicate_detection_tables.php on line 247
[17-Nov-2025 17:42:43 Asia/Manila] PHP Fatal error:  Uncaught mysqli_sql_exception: Too many key parts specified; max 1 parts allowed in C:\wamp64\www\BookIT\migrations\add_duplicate_detection_tables.php:248
Stack trace:
#0 C:\wamp64\www\BookIT\migrations\add_duplicate_detection_tables.php(248): mysqli->query('CREATE TABLE IF...')
#1 {main}
  thrown in C:\wamp64\www\BookIT\migrations\add_duplicate_detection_tables.php on line 248
[17-Nov-2025 17:45:02 Asia/Manila] PHP Warning:  Undefined array key "description" in C:\wamp64\www\BookIT\host\unit_management.php on line 23
[17-Nov-2025 17:45:02 Asia/Manila] PHP Stack trace:
[17-Nov-2025 17:45:02 Asia/Manila] PHP   1. {main}() C:\wamp64\www\BookIT\host\unit_management.php:0
[17-Nov-2025 17:45:02 Asia/Manila] PHP Deprecated:  trim(): Passing null to parameter #1 ($string) of type string is deprecated in C:\wamp64\www\BookIT\includes\functions.php on line 733
[17-Nov-2025 17:45:02 Asia/Manila] PHP Stack trace:
[17-Nov-2025 17:45:02 Asia/Manila] PHP   1. {main}() C:\wamp64\www\BookIT\host\unit_management.php:0
[17-Nov-2025 17:45:02 Asia/Manila] PHP   2. sanitize_input($data = NULL) C:\wamp64\www\BookIT\host\unit_management.php:23
[17-Nov-2025 17:45:02 Asia/Manila] PHP   3. trim($string = NULL) C:\wamp64\www\BookIT\includes\functions.php:733
[17-Nov-2025 17:45:02 Asia/Manila] PHP Fatal error:  Uncaught mysqli_sql_exception: Unknown column 'u.building_name' in 'field list' in C:\wamp64\www\BookIT\includes\AddressVerification.php:90
Stack trace:
#0 C:\wamp64\www\BookIT\includes\AddressVerification.php(90): mysqli->prepare('SELECT u.unit_i...')
#1 C:\wamp64\www\BookIT\includes\DuplicateDetectionEngine.php(172): AddressVerification->checkAddressExists('unit101', 'caloocan city', 'afa', 'caloocan city', NULL)
#2 C:\wamp64\www\BookIT\includes\DuplicateDetectionEngine.php(49): DuplicateDetectionEngine->checkAddressVerification(NULL, 'unit101', 'caloocan city', 'afa', 'caloocan city')
#3 C:\wamp64\www\BookIT\host\unit_management.php(53): DuplicateDetectionEngine->analyzeUnitForDuplicates(NULL, Array)
#4 {main}
  thrown in C:\wamp64\www\BookIT\includes\AddressVerification.php on line 90
[17-Nov-2025 17:46:07 Asia/Manila] PHP Warning:  Undefined array key "description" in C:\wamp64\www\BookIT\host\unit_management.php on line 23
[17-Nov-2025 17:46:07 Asia/Manila] PHP Stack trace:
[17-Nov-2025 17:46:07 Asia/Manila] PHP   1. {main}() C:\wamp64\www\BookIT\host\unit_management.php:0
[17-Nov-2025 17:46:07 Asia/Manila] PHP Deprecated:  trim(): Passing null to parameter #1 ($string) of type string is deprecated in C:\wamp64\www\BookIT\includes\functions.php on line 733
[17-Nov-2025 17:46:07 Asia/Manila] PHP Stack trace:
[17-Nov-2025 17:46:07 Asia/Manila] PHP   1. {main}() C:\wamp64\www\BookIT\host\unit_management.php:0
[17-Nov-2025 17:46:07 Asia/Manila] PHP   2. sanitize_input($data = NULL) C:\wamp64\www\BookIT\host\unit_management.php:23
[17-Nov-2025 17:46:07 Asia/Manila] PHP   3. trim($string = NULL) C:\wamp64\www\BookIT\includes\functions.php:733
[17-Nov-2025 17:46:07 Asia/Manila] PHP Fatal error:  Uncaught mysqli_sql_exception: Unknown column 'u.building_name' in 'field list' in C:\wamp64\www\BookIT\includes\AddressVerification.php:90
Stack trace:
#0 C:\wamp64\www\BookIT\includes\AddressVerification.php(90): mysqli->prepare('SELECT u.unit_i...')
#1 C:\wamp64\www\BookIT\includes\DuplicateDetectionEngine.php(172): AddressVerification->checkAddressExists('unit101', 'caloocan city', 'afa', 'caloocan city', NULL)
#2 C:\wamp64\www\BookIT\includes\DuplicateDetectionEngine.php(49): DuplicateDetectionEngine->checkAddressVerification(NULL, 'unit101', 'caloocan city', 'afa', 'caloocan city')
#3 C:\wamp64\www\BookIT\host\unit_management.php(53): DuplicateDetectionEngine->analyzeUnitForDuplicates(NULL, Array)
#4 {main}
  thrown in C:\wamp64\www\BookIT\includes\AddressVerification.php on line 90
[17-Nov-2025 17:50:36 Asia/Manila] PHP Fatal error:  Uncaught mysqli_sql_exception: Unknown column 'u.building_name' in 'field list' in C:\wamp64\www\BookIT\includes\AddressVerification.php:90
Stack trace:
#0 C:\wamp64\www\BookIT\includes\AddressVerification.php(90): mysqli->prepare('SELECT u.unit_i...')
#1 C:\wamp64\www\BookIT\includes\DuplicateDetectionEngine.php(172): AddressVerification->checkAddressExists('unit101', 'caloocan city', 'afa', 'caloocan city', NULL)
#2 C:\wamp64\www\BookIT\includes\DuplicateDetectionEngine.php(49): DuplicateDetectionEngine->checkAddressVerification(NULL, 'unit101', 'caloocan city', 'afa', 'caloocan city')
#3 C:\wamp64\www\BookIT\host\unit_management.php(53): DuplicateDetectionEngine->analyzeUnitForDuplicates(NULL, Array)
#4 {main}
  thrown in C:\wamp64\www\BookIT\includes\AddressVerification.php on line 90
[17-Nov-2025 17:55:43 Asia/Manila] PHP Fatal error:  Uncaught mysqli_sql_exception: Unknown column 'u.building_name' in 'field list' in C:\wamp64\www\BookIT\includes\AddressVerification.php:90
Stack trace:
#0 C:\wamp64\www\BookIT\includes\AddressVerification.php(90): mysqli->prepare('SELECT u.unit_i...')
#1 C:\wamp64\www\BookIT\includes\DuplicateDetectionEngine.php(172): AddressVerification->checkAddressExists('unit101', 'caloocan city', 'afa', 'caloocan city', NULL)
#2 C:\wamp64\www\BookIT\includes\DuplicateDetectionEngine.php(49): DuplicateDetectionEngine->checkAddressVerification(NULL, 'unit101', 'caloocan city', 'afa', 'caloocan city')
#3 C:\wamp64\www\BookIT\host\unit_management.php(53): DuplicateDetectionEngine->analyzeUnitForDuplicates(NULL, Array)
#4 {main}
  thrown in C:\wamp64\www\BookIT\includes\AddressVerification.php on line 90
[17-Nov-2025 17:55:59 Asia/Manila] PHP Fatal error:  Uncaught mysqli_sql_exception: Unknown column 'u.building_name' in 'field list' in C:\wamp64\www\BookIT\includes\AddressVerification.php:90
Stack trace:
#0 C:\wamp64\www\BookIT\includes\AddressVerification.php(90): mysqli->prepare('SELECT u.unit_i...')
#1 C:\wamp64\www\BookIT\includes\DuplicateDetectionEngine.php(172): AddressVerification->checkAddressExists('unit101', 'caloocan city', 'afa', 'caloocan city', NULL)
#2 C:\wamp64\www\BookIT\includes\DuplicateDetectionEngine.php(49): DuplicateDetectionEngine->checkAddressVerification(NULL, 'unit101', 'caloocan city', 'afa', 'caloocan city')
#3 C:\wamp64\www\BookIT\host\unit_management.php(53): DuplicateDetectionEngine->analyzeUnitForDuplicates(NULL, Array)
#4 {main}
  thrown in C:\wamp64\www\BookIT\includes\AddressVerification.php on line 90
[17-Nov-2025 17:57:02 Asia/Manila] PHP Fatal error:  Uncaught mysqli_sql_exception: You have an error in your SQL syntax; check the manual that corresponds to your MySQL server version for the right syntax to use near 'IF NOT EXISTS building_name VARCHAR(255) AFTER description' at line 1 in C:\wamp64\www\BookIT\migrations\add_address_fields_to_units.php:23
Stack trace:
#0 C:\wamp64\www\BookIT\migrations\add_address_fields_to_units.php(23): mysqli->query('ALTER TABLE uni...')
#1 {main}
  thrown in C:\wamp64\www\BookIT\migrations\add_address_fields_to_units.php on line 23
[17-Nov-2025 17:59:49 Asia/Manila] PHP Fatal error:  Uncaught mysqli_sql_exception: Unknown column 'u.building_name' in 'field list' in C:\wamp64\www\BookIT\includes\AddressVerification.php:90
Stack trace:
#0 C:\wamp64\www\BookIT\includes\AddressVerification.php(90): mysqli->prepare('SELECT u.unit_i...')
#1 C:\wamp64\www\BookIT\includes\DuplicateDetectionEngine.php(172): AddressVerification->checkAddressExists('unit101', '', 'afa', 'caloocan city', NULL)
#2 C:\wamp64\www\BookIT\includes\DuplicateDetectionEngine.php(49): DuplicateDetectionEngine->checkAddressVerification(NULL, 'unit101', '', 'afa', 'caloocan city')
#3 C:\wamp64\www\BookIT\host\unit_management.php(53): DuplicateDetectionEngine->analyzeUnitForDuplicates(NULL, Array)
#4 {main}
  thrown in C:\wamp64\www\BookIT\includes\AddressVerification.php on line 90
[17-Nov-2025 18:02:07 Asia/Manila] PHP Fatal error:  Uncaught mysqli_sql_exception: Unknown column 'u.street_address' in 'field list' in C:\wamp64\www\BookIT\includes\AddressVerification.php:90
Stack trace:
#0 C:\wamp64\www\BookIT\includes\AddressVerification.php(90): mysqli->prepare('SELECT u.unit_i...')
#1 C:\wamp64\www\BookIT\includes\DuplicateDetectionEngine.php(172): AddressVerification->checkAddressExists('unit101', '', 'afa', 'caloocan city', NULL)
#2 C:\wamp64\www\BookIT\includes\DuplicateDetectionEngine.php(49): DuplicateDetectionEngine->checkAddressVerification(NULL, 'unit101', '', 'afa', 'caloocan city')
#3 C:\wamp64\www\BookIT\host\unit_management.php(53): DuplicateDetectionEngine->analyzeUnitForDuplicates(NULL, Array)
#4 {main}
  thrown in C:\wamp64\www\BookIT\includes\AddressVerification.php on line 90
[17-Nov-2025 18:02:55 Asia/Manila] PHP Fatal error:  Uncaught mysqli_sql_exception: Unknown column 'u.street_address' in 'field list' in C:\wamp64\www\BookIT\includes\GeolocationValidation.php:218
Stack trace:
#0 C:\wamp64\www\BookIT\includes\GeolocationValidation.php(218): mysqli->prepare('SELECT u.unit_i...')
#1 C:\wamp64\www\BookIT\includes\DuplicateDetectionEngine.php(203): GeolocationValidation->checkExactCoordinateMatch(0.0, 0.0, NULL)
#2 C:\wamp64\www\BookIT\includes\DuplicateDetectionEngine.php(75): DuplicateDetectionEngine->checkGeolocationValidation(NULL, 0.0, 0.0)
#3 C:\wamp64\www\BookIT\host\unit_management.php(53): DuplicateDetectionEngine->analyzeUnitForDuplicates(NULL, Array)
#4 {main}
  thrown in C:\wamp64\www\BookIT\includes\GeolocationValidation.php on line 218
[17-Nov-2025 19:04:42 Asia/Manila] PHP Fatal error:  Uncaught mysqli_sql_exception: Duplicate column name 'building_name' in C:\wamp64\www\BookIT\migrations\add_address_fields_to_units.php:23
Stack trace:
#0 C:\wamp64\www\BookIT\migrations\add_address_fields_to_units.php(23): mysqli->query('ALTER TABLE uni...')
#1 {main}
  thrown in C:\wamp64\www\BookIT\migrations\add_address_fields_to_units.php on line 23
[17-Nov-2025 19:04:51 Asia/Manila] PHP Fatal error:  Uncaught mysqli_sql_exception: Duplicate column name 'building_name' in C:\wamp64\www\BookIT\migrations\add_address_fields_to_units.php:23
Stack trace:
#0 C:\wamp64\www\BookIT\migrations\add_address_fields_to_units.php(23): mysqli->query('ALTER TABLE uni...')
#1 {main}
  thrown in C:\wamp64\www\BookIT\migrations\add_address_fields_to_units.php on line 23
[17-Nov-2025 19:05:14 Asia/Manila] PHP Fatal error:  Uncaught Error: mysqli object is already closed in C:\wamp64\www\BookIT\config\db.php:209
Stack trace:
#0 C:\wamp64\www\BookIT\config\db.php(209): mysqli->close()
#1 [internal function]: close_connection()
#2 {main}
  thrown in C:\wamp64\www\BookIT\config\db.php on line 209
[17-Nov-2025 19:15:22 Asia/Manila] PHP Fatal error:  Uncaught mysqli_sql_exception: Unknown column 'h.full_name' in 'field list' in C:\wamp64\www\BookIT\includes\GeolocationValidation.php:218
Stack trace:
#0 C:\wamp64\www\BookIT\includes\GeolocationValidation.php(218): mysqli->prepare('SELECT u.unit_i...')
#1 C:\wamp64\www\BookIT\includes\DuplicateDetectionEngine.php(203): GeolocationValidation->checkExactCoordinateMatch(0.0, 0.0, NULL)
#2 C:\wamp64\www\BookIT\includes\DuplicateDetectionEngine.php(75): DuplicateDetectionEngine->checkGeolocationValidation(NULL, 0.0, 0.0)
#3 C:\wamp64\www\BookIT\host\unit_management.php(53): DuplicateDetectionEngine->analyzeUnitForDuplicates(NULL, Array)
#4 {main}
  thrown in C:\wamp64\www\BookIT\includes\GeolocationValidation.php on line 218
[17-Nov-2025 19:17:42 Asia/Manila] PHP Warning:  Undefined array key "search_radius" in C:\wamp64\www\BookIT\includes\DuplicateDetectionEngine.php on line 210
[17-Nov-2025 19:17:42 Asia/Manila] PHP Stack trace:
[17-Nov-2025 19:17:42 Asia/Manila] PHP   1. {main}() C:\wamp64\www\BookIT\host\unit_management.php:0
[17-Nov-2025 19:17:42 Asia/Manila] PHP   2. DuplicateDetectionEngine->analyzeUnitForDuplicates($unit_id = NULL, $unit_data = ['building_name' => 'unit101', 'street_address' => 'caloocan city', 'unit_number' => 'afa', 'city' => 'caloocan city', 'latitude' => 0, 'longitude' => 0]) C:\wamp64\www\BookIT\host\unit_management.php:53
[17-Nov-2025 19:17:42 Asia/Manila] PHP   3. DuplicateDetectionEngine->checkGeolocationValidation($unit_id = NULL, $latitude = 0, $longitude = 0) C:\wamp64\www\BookIT\includes\DuplicateDetectionEngine.php:75
[17-Nov-2025 19:34:10 Asia/Manila] PHP Fatal error:  Uncaught Error: mysqli object is already closed in C:\wamp64\www\BookIT\config\db.php:209
Stack trace:
#0 C:\wamp64\www\BookIT\config\db.php(209): mysqli->close()
#1 [internal function]: close_connection()
#2 {main}
  thrown in C:\wamp64\www\BookIT\config\db.php on line 209
[17-Nov-2025 19:34:30 Asia/Manila] PHP Fatal error:  Uncaught mysqli_sql_exception: Unknown column 'p.created_at' in 'where clause' in C:\wamp64\www\BookIT\config\db.php:85
Stack trace:
#0 C:\wamp64\www\BookIT\config\db.php(85): mysqli->prepare('\r\n    SELECT p....')
#1 C:\wamp64\www\BookIT\host\payment_management.php(188): get_multiple_results('\r\n    SELECT p....', Array)
#2 {main}
  thrown in C:\wamp64\www\BookIT\config\db.php on line 85
[17-Nov-2025 19:35:48 Asia/Manila] PHP Fatal error:  Uncaught mysqli_sql_exception: Column 'payment_status' in field list is ambiguous in C:\wamp64\www\BookIT\config\db.php:25
Stack trace:
#0 C:\wamp64\www\BookIT\config\db.php(25): mysqli->prepare('\r\n    SELECT \r\n...')
#1 C:\wamp64\www\BookIT\host\payment_management.php(199): get_single_result('\r\n    SELECT \r\n...', Array)
#2 {main}
  thrown in C:\wamp64\www\BookIT\config\db.php on line 25
[17-Nov-2025 19:35:58 Asia/Manila] PHP Fatal error:  Uncaught mysqli_sql_exception: Column 'payment_status' in field list is ambiguous in C:\wamp64\www\BookIT\config\db.php:25
Stack trace:
#0 C:\wamp64\www\BookIT\config\db.php(25): mysqli->prepare('\r\n    SELECT \r\n...')
#1 C:\wamp64\www\BookIT\host\payment_management.php(199): get_single_result('\r\n    SELECT \r\n...', Array)
#2 {main}
  thrown in C:\wamp64\www\BookIT\config\db.php on line 25
[17-Nov-2025 21:26:11 Asia/Manila] PHP Fatal error:  Uncaught mysqli_sql_exception: Column 'payment_status' in field list is ambiguous in C:\wamp64\www\BookIT\config\db.php:25
Stack trace:
#0 C:\wamp64\www\BookIT\config\db.php(25): mysqli->prepare('\r\n    SELECT \r\n...')
#1 C:\wamp64\www\BookIT\host\payment_management.php(199): get_single_result('\r\n    SELECT \r\n...', Array)
#2 {main}
  thrown in C:\wamp64\www\BookIT\config\db.php on line 25
[17-Nov-2025 21:26:13 Asia/Manila] PHP Fatal error:  Uncaught mysqli_sql_exception: Column 'payment_status' in field list is ambiguous in C:\wamp64\www\BookIT\config\db.php:25
Stack trace:
#0 C:\wamp64\www\BookIT\config\db.php(25): mysqli->prepare('\r\n    SELECT \r\n...')
#1 C:\wamp64\www\BookIT\host\payment_management.php(199): get_single_result('\r\n    SELECT \r\n...', Array)
#2 {main}
  thrown in C:\wamp64\www\BookIT\config\db.php on line 25
[17-Nov-2025 21:26:58 Asia/Manila] PHP Fatal error:  Uncaught Error: mysqli object is already closed in C:\wamp64\www\BookIT\config\db.php:209
Stack trace:
#0 C:\wamp64\www\BookIT\config\db.php(209): mysqli->close()
#1 [internal function]: close_connection()
#2 {main}
  thrown in C:\wamp64\www\BookIT\config\db.php on line 209
[17-Nov-2025 21:27:12 Asia/Manila] PHP Fatal error:  Uncaught mysqli_sql_exception: Column 'payment_status' in field list is ambiguous in C:\wamp64\www\BookIT\config\db.php:25
Stack trace:
#0 C:\wamp64\www\BookIT\config\db.php(25): mysqli->prepare('\r\n    SELECT \r\n...')
#1 C:\wamp64\www\BookIT\host\payment_management.php(199): get_single_result('\r\n    SELECT \r\n...', Array)
#2 {main}
  thrown in C:\wamp64\www\BookIT\config\db.php on line 25
[17-Nov-2025 21:27:13 Asia/Manila] PHP Fatal error:  Uncaught mysqli_sql_exception: Column 'payment_status' in field list is ambiguous in C:\wamp64\www\BookIT\config\db.php:25
Stack trace:
#0 C:\wamp64\www\BookIT\config\db.php(25): mysqli->prepare('\r\n    SELECT \r\n...')
#1 C:\wamp64\www\BookIT\host\payment_management.php(199): get_single_result('\r\n    SELECT \r\n...', Array)
#2 {main}
  thrown in C:\wamp64\www\BookIT\config\db.php on line 25
[17-Nov-2025 21:38:59 Asia/Manila] PHP Fatal error:  Uncaught mysqli_sql_exception: Column 'payment_status' in field list is ambiguous in C:\wamp64\www\BookIT\config\db.php:25
Stack trace:
#0 C:\wamp64\www\BookIT\config\db.php(25): mysqli->prepare('\r\n    SELECT \r\n...')
#1 C:\wamp64\www\BookIT\host\payment_management.php(199): get_single_result('\r\n    SELECT \r\n...', Array)
#2 {main}
  thrown in C:\wamp64\www\BookIT\config\db.php on line 25
[17-Nov-2025 21:39:00 Asia/Manila] PHP Fatal error:  Uncaught mysqli_sql_exception: Column 'payment_status' in field list is ambiguous in C:\wamp64\www\BookIT\config\db.php:25
Stack trace:
#0 C:\wamp64\www\BookIT\config\db.php(25): mysqli->prepare('\r\n    SELECT \r\n...')
#1 C:\wamp64\www\BookIT\host\payment_management.php(199): get_single_result('\r\n    SELECT \r\n...', Array)
#2 {main}
  thrown in C:\wamp64\www\BookIT\config\db.php on line 25
[17-Nov-2025 21:39:01 Asia/Manila] PHP Fatal error:  Uncaught mysqli_sql_exception: Column 'payment_status' in field list is ambiguous in C:\wamp64\www\BookIT\config\db.php:25
Stack trace:
#0 C:\wamp64\www\BookIT\config\db.php(25): mysqli->prepare('\r\n    SELECT \r\n...')
#1 C:\wamp64\www\BookIT\host\payment_management.php(199): get_single_result('\r\n    SELECT \r\n...', Array)
#2 {main}
  thrown in C:\wamp64\www\BookIT\config\db.php on line 25
[17-Nov-2025 21:39:01 Asia/Manila] PHP Fatal error:  Uncaught mysqli_sql_exception: Column 'payment_status' in field list is ambiguous in C:\wamp64\www\BookIT\config\db.php:25
Stack trace:
#0 C:\wamp64\www\BookIT\config\db.php(25): mysqli->prepare('\r\n    SELECT \r\n...')
#1 C:\wamp64\www\BookIT\host\payment_management.php(199): get_single_result('\r\n    SELECT \r\n...', Array)
#2 {main}
  thrown in C:\wamp64\www\BookIT\config\db.php on line 25
[17-Nov-2025 21:39:01 Asia/Manila] PHP Fatal error:  Uncaught mysqli_sql_exception: Column 'payment_status' in field list is ambiguous in C:\wamp64\www\BookIT\config\db.php:25
Stack trace:
#0 C:\wamp64\www\BookIT\config\db.php(25): mysqli->prepare('\r\n    SELECT \r\n...')
#1 C:\wamp64\www\BookIT\host\payment_management.php(199): get_single_result('\r\n    SELECT \r\n...', Array)
#2 {main}
  thrown in C:\wamp64\www\BookIT\config\db.php on line 25
[17-Nov-2025 21:39:01 Asia/Manila] PHP Fatal error:  Uncaught mysqli_sql_exception: Column 'payment_status' in field list is ambiguous in C:\wamp64\www\BookIT\config\db.php:25
Stack trace:
#0 C:\wamp64\www\BookIT\config\db.php(25): mysqli->prepare('\r\n    SELECT \r\n...')
#1 C:\wamp64\www\BookIT\host\payment_management.php(199): get_single_result('\r\n    SELECT \r\n...', Array)
#2 {main}
  thrown in C:\wamp64\www\BookIT\config\db.php on line 25
[17-Nov-2025 21:39:01 Asia/Manila] PHP Fatal error:  Uncaught mysqli_sql_exception: Column 'payment_status' in field list is ambiguous in C:\wamp64\www\BookIT\config\db.php:25
Stack trace:
#0 C:\wamp64\www\BookIT\config\db.php(25): mysqli->prepare('\r\n    SELECT \r\n...')
#1 C:\wamp64\www\BookIT\host\payment_management.php(199): get_single_result('\r\n    SELECT \r\n...', Array)
#2 {main}
  thrown in C:\wamp64\www\BookIT\config\db.php on line 25
[17-Nov-2025 21:39:02 Asia/Manila] PHP Fatal error:  Uncaught mysqli_sql_exception: Column 'payment_status' in field list is ambiguous in C:\wamp64\www\BookIT\config\db.php:25
Stack trace:
#0 C:\wamp64\www\BookIT\config\db.php(25): mysqli->prepare('\r\n    SELECT \r\n...')
#1 C:\wamp64\www\BookIT\host\payment_management.php(199): get_single_result('\r\n    SELECT \r\n...', Array)
#2 {main}
  thrown in C:\wamp64\www\BookIT\config\db.php on line 25
[17-Nov-2025 21:39:02 Asia/Manila] PHP Fatal error:  Uncaught mysqli_sql_exception: Column 'payment_status' in field list is ambiguous in C:\wamp64\www\BookIT\config\db.php:25
Stack trace:
#0 C:\wamp64\www\BookIT\config\db.php(25): mysqli->prepare('\r\n    SELECT \r\n...')
#1 C:\wamp64\www\BookIT\host\payment_management.php(199): get_single_result('\r\n    SELECT \r\n...', Array)
#2 {main}
  thrown in C:\wamp64\www\BookIT\config\db.php on line 25
[17-Nov-2025 21:39:02 Asia/Manila] PHP Fatal error:  Uncaught mysqli_sql_exception: Column 'payment_status' in field list is ambiguous in C:\wamp64\www\BookIT\config\db.php:25
Stack trace:
#0 C:\wamp64\www\BookIT\config\db.php(25): mysqli->prepare('\r\n    SELECT \r\n...')
#1 C:\wamp64\www\BookIT\host\payment_management.php(199): get_single_result('\r\n    SELECT \r\n...', Array)
#2 {main}
  thrown in C:\wamp64\www\BookIT\config\db.php on line 25
[17-Nov-2025 21:39:02 Asia/Manila] PHP Fatal error:  Uncaught mysqli_sql_exception: Column 'payment_status' in field list is ambiguous in C:\wamp64\www\BookIT\config\db.php:25
Stack trace:
#0 C:\wamp64\www\BookIT\config\db.php(25): mysqli->prepare('\r\n    SELECT \r\n...')
#1 C:\wamp64\www\BookIT\host\payment_management.php(199): get_single_result('\r\n    SELECT \r\n...', Array)
#2 {main}
  thrown in C:\wamp64\www\BookIT\config\db.php on line 25
[17-Nov-2025 21:39:03 Asia/Manila] PHP Fatal error:  Uncaught mysqli_sql_exception: Column 'payment_status' in field list is ambiguous in C:\wamp64\www\BookIT\config\db.php:25
Stack trace:
#0 C:\wamp64\www\BookIT\config\db.php(25): mysqli->prepare('\r\n    SELECT \r\n...')
#1 C:\wamp64\www\BookIT\host\payment_management.php(199): get_single_result('\r\n    SELECT \r\n...', Array)
#2 {main}
  thrown in C:\wamp64\www\BookIT\config\db.php on line 25
[17-Nov-2025 21:39:04 Asia/Manila] PHP Fatal error:  Uncaught mysqli_sql_exception: Column 'payment_status' in field list is ambiguous in C:\wamp64\www\BookIT\config\db.php:25
Stack trace:
#0 C:\wamp64\www\BookIT\config\db.php(25): mysqli->prepare('\r\n    SELECT \r\n...')
#1 C:\wamp64\www\BookIT\host\payment_management.php(199): get_single_result('\r\n    SELECT \r\n...', Array)
#2 {main}
  thrown in C:\wamp64\www\BookIT\config\db.php on line 25
[17-Nov-2025 21:50:56 Asia/Manila] PHP Deprecated:  htmlspecialchars(): Passing null to parameter #1 ($string) of type string is deprecated in C:\wamp64\www\BookIT\ajax\get_unit_view.php on line 55
[17-Nov-2025 21:50:56 Asia/Manila] PHP Stack trace:
[17-Nov-2025 21:50:56 Asia/Manila] PHP   1. {main}() C:\wamp64\www\BookIT\ajax\get_unit_view.php:0
[17-Nov-2025 21:50:56 Asia/Manila] PHP   2. htmlspecialchars($string = NULL) C:\wamp64\www\BookIT\ajax\get_unit_view.php:55
[17-Nov-2025 21:53:54 Asia/Manila] PHP Warning:  Undefined array key "description" in C:\wamp64\www\BookIT\host\unit_management.php on line 110
[17-Nov-2025 21:53:54 Asia/Manila] PHP Stack trace:
[17-Nov-2025 21:53:54 Asia/Manila] PHP   1. {main}() C:\wamp64\www\BookIT\host\unit_management.php:0
